<?xml version="1.0" encoding="UTF-8"?>
<testsuites>
  <testsuite name="/Applications/MAMP/htdocs/evapo/Tests" tests="30" assertions="39" errors="0" failures="0" skipped="0" time="0.375446">
    <testsuite name="Evapotrans\LocationTest" file="/Applications/MAMP/htdocs/evapo/Tests/LocationTest.php" tests="2" assertions="6" errors="0" failures="0" skipped="0" time="0.056313">
      <testcase name="testCorrectSet" class="Evapotrans\LocationTest" classname="Evapotrans.LocationTest" file="/Applications/MAMP/htdocs/evapo/Tests/LocationTest.php" line="8" assertions="5" time="0.050462"/>
      <testcase name="testExceptionConstructor" class="Evapotrans\LocationTest" classname="Evapotrans.LocationTest" file="/Applications/MAMP/htdocs/evapo/Tests/LocationTest.php" line="18" assertions="1" time="0.005851"/>
    </testsuite>
    <testsuite name="PenmanCalcTest" file="/Applications/MAMP/htdocs/evapo/Tests/PenmanCalcTest.php" tests="24" assertions="29" errors="0" failures="0" skipped="0" time="0.234278">
      <testcase name="testCalcWind2meters" class="PenmanCalcTest" classname="PenmanCalcTest" file="/Applications/MAMP/htdocs/evapo/Tests/PenmanCalcTest.php" line="40" assertions="1" time="0.050795"/>
      <testcase name="testWind2m" class="PenmanCalcTest" classname="PenmanCalcTest" file="/Applications/MAMP/htdocs/evapo/Tests/PenmanCalcTest.php" line="55" assertions="4" time="0.031502"/>
      <testcase name="testDayOfYear" class="PenmanCalcTest" classname="PenmanCalcTest" file="/Applications/MAMP/htdocs/evapo/Tests/PenmanCalcTest.php" line="70" assertions="3" time="0.024264"/>
      <testsuite name="PenmanCalcTest::testDaylightHours" tests="7" assertions="7" errors="0" failures="0" skipped="0" time="0.050514">
        <testcase name="testDaylightHours with data set #0" class="PenmanCalcTest" classname="PenmanCalcTest" file="/Applications/MAMP/htdocs/evapo/Tests/PenmanCalcTest.php" line="86" assertions="1" time="0.007890"/>
        <testcase name="testDaylightHours with data set #1" class="PenmanCalcTest" classname="PenmanCalcTest" file="/Applications/MAMP/htdocs/evapo/Tests/PenmanCalcTest.php" line="86" assertions="1" time="0.006461"/>
        <testcase name="testDaylightHours with data set #2" class="PenmanCalcTest" classname="PenmanCalcTest" file="/Applications/MAMP/htdocs/evapo/Tests/PenmanCalcTest.php" line="86" assertions="1" time="0.006074"/>
        <testcase name="testDaylightHours with data set #3" class="PenmanCalcTest" classname="PenmanCalcTest" file="/Applications/MAMP/htdocs/evapo/Tests/PenmanCalcTest.php" line="86" assertions="1" time="0.006329"/>
        <testcase name="testDaylightHours with data set #4" class="PenmanCalcTest" classname="PenmanCalcTest" file="/Applications/MAMP/htdocs/evapo/Tests/PenmanCalcTest.php" line="86" assertions="1" time="0.011512"/>
        <testcase name="testDaylightHours with data set #5" class="PenmanCalcTest" classname="PenmanCalcTest" file="/Applications/MAMP/htdocs/evapo/Tests/PenmanCalcTest.php" line="86" assertions="1" time="0.005668"/>
        <testcase name="testDaylightHours with data set #6" class="PenmanCalcTest" classname="PenmanCalcTest" file="/Applications/MAMP/htdocs/evapo/Tests/PenmanCalcTest.php" line="86" assertions="1" time="0.006580"/>
      </testsuite>
      <testsuite name="PenmanCalcTest::testPsychometricConstant" tests="5" assertions="5" errors="0" failures="0" skipped="0" time="0.028911">
        <testcase name="testPsychometricConstant with data set #0" class="PenmanCalcTest" classname="PenmanCalcTest" file="/Applications/MAMP/htdocs/evapo/Tests/PenmanCalcTest.php" line="119" assertions="1" time="0.005834"/>
        <testcase name="testPsychometricConstant with data set #1" class="PenmanCalcTest" classname="PenmanCalcTest" file="/Applications/MAMP/htdocs/evapo/Tests/PenmanCalcTest.php" line="119" assertions="1" time="0.005891"/>
        <testcase name="testPsychometricConstant with data set #2" class="PenmanCalcTest" classname="PenmanCalcTest" file="/Applications/MAMP/htdocs/evapo/Tests/PenmanCalcTest.php" line="119" assertions="1" time="0.005522"/>
        <testcase name="testPsychometricConstant with data set #3" class="PenmanCalcTest" classname="PenmanCalcTest" file="/Applications/MAMP/htdocs/evapo/Tests/PenmanCalcTest.php" line="119" assertions="1" time="0.004818"/>
        <testcase name="testPsychometricConstant with data set #4" class="PenmanCalcTest" classname="PenmanCalcTest" file="/Applications/MAMP/htdocs/evapo/Tests/PenmanCalcTest.php" line="119" assertions="1" time="0.006846"/>
      </testsuite>
      <testcase name="testMeanSaturationVaporPression" class="PenmanCalcTest" classname="PenmanCalcTest" file="/Applications/MAMP/htdocs/evapo/Tests/PenmanCalcTest.php" line="137" assertions="1" time="0.005432"/>
      <testsuite name="PenmanCalcTest::testSaturationVaporPression" tests="5" assertions="5" errors="0" failures="0" skipped="0" time="0.027928">
        <testcase name="testSaturationVaporPression with data set #0" class="PenmanCalcTest" classname="PenmanCalcTest" file="/Applications/MAMP/htdocs/evapo/Tests/PenmanCalcTest.php" line="146" assertions="1" time="0.005900"/>
        <testcase name="testSaturationVaporPression with data set #1" class="PenmanCalcTest" classname="PenmanCalcTest" file="/Applications/MAMP/htdocs/evapo/Tests/PenmanCalcTest.php" line="146" assertions="1" time="0.005093"/>
        <testcase name="testSaturationVaporPression with data set #2" class="PenmanCalcTest" classname="PenmanCalcTest" file="/Applications/MAMP/htdocs/evapo/Tests/PenmanCalcTest.php" line="146" assertions="1" time="0.004049"/>
        <testcase name="testSaturationVaporPression with data set #3" class="PenmanCalcTest" classname="PenmanCalcTest" file="/Applications/MAMP/htdocs/evapo/Tests/PenmanCalcTest.php" line="146" assertions="1" time="0.005272"/>
        <testcase name="testSaturationVaporPression with data set #4" class="PenmanCalcTest" classname="PenmanCalcTest" file="/Applications/MAMP/htdocs/evapo/Tests/PenmanCalcTest.php" line="146" assertions="1" time="0.007614"/>
      </testsuite>
      <testsuite name="PenmanCalcTest::testSlopeOfSaturationVapourPressureCurve" tests="3" assertions="3" errors="0" failures="0" skipped="0" time="0.014933">
        <testcase name="testSlopeOfSaturationVapourPressureCurve with data set #0" class="PenmanCalcTest" classname="PenmanCalcTest" file="/Applications/MAMP/htdocs/evapo/Tests/PenmanCalcTest.php" line="169" assertions="1" time="0.005573"/>
        <testcase name="testSlopeOfSaturationVapourPressureCurve with data set #1" class="PenmanCalcTest" classname="PenmanCalcTest" file="/Applications/MAMP/htdocs/evapo/Tests/PenmanCalcTest.php" line="169" assertions="1" time="0.005416"/>
        <testcase name="testSlopeOfSaturationVapourPressureCurve with data set #2" class="PenmanCalcTest" classname="PenmanCalcTest" file="/Applications/MAMP/htdocs/evapo/Tests/PenmanCalcTest.php" line="169" assertions="1" time="0.003944"/>
      </testsuite>
    </testsuite>
    <testsuite name="RadiationCalcTest" file="/Applications/MAMP/htdocs/evapo/Tests/RadiationCalcTest.php" tests="4" assertions="4" errors="0" failures="0" skipped="0" time="0.084855">
      <testcase name="testSolarRadiation" class="RadiationCalcTest" classname="RadiationCalcTest" file="/Applications/MAMP/htdocs/evapo/Tests/RadiationCalcTest.php" line="45" assertions="1" time="0.025973"/>
      <testcase name="testSolarRadiationFromTempData" class="RadiationCalcTest" classname="RadiationCalcTest" file="/Applications/MAMP/htdocs/evapo/Tests/RadiationCalcTest.php" line="57" assertions="1" time="0.013574"/>
      <testcase name="testExtraterrestrialRadiation" class="RadiationCalcTest" classname="RadiationCalcTest" file="/Applications/MAMP/htdocs/evapo/Tests/RadiationCalcTest.php" line="74" assertions="1" time="0.036815"/>
      <testcase name="testNetLongwaveRadiation" class="RadiationCalcTest" classname="RadiationCalcTest" file="/Applications/MAMP/htdocs/evapo/Tests/RadiationCalcTest.php" line="87" assertions="1" time="0.008493"/>
    </testsuite>
  </testsuite>
</testsuites>
