<?xml version="1.0" encoding="UTF-8"?>
<testsuites>
  <testsuite name="/Applications/MAMP/htdocs/evapo/Tests" tests="30" assertions="39" errors="0" failures="0" skipped="0" time="0.282034">
    <testsuite name="Evapotrans\LocationTest" file="/Applications/MAMP/htdocs/evapo/Tests/LocationTest.php" tests="2" assertions="6" errors="0" failures="0" skipped="0" time="0.042477">
      <testcase name="testCorrectSet" class="Evapotrans\LocationTest" classname="Evapotrans.LocationTest" file="/Applications/MAMP/htdocs/evapo/Tests/LocationTest.php" line="8" assertions="5" time="0.035705"/>
      <testcase name="testExceptionConstructor" class="Evapotrans\LocationTest" classname="Evapotrans.LocationTest" file="/Applications/MAMP/htdocs/evapo/Tests/LocationTest.php" line="18" assertions="1" time="0.006772"/>
    </testsuite>
    <testsuite name="PenmanCalcTest" file="/Applications/MAMP/htdocs/evapo/Tests/PenmanCalcTest.php" tests="24" assertions="29" errors="0" failures="0" skipped="0" time="0.198147">
      <testcase name="testCalcWind2meters" class="PenmanCalcTest" classname="PenmanCalcTest" file="/Applications/MAMP/htdocs/evapo/Tests/PenmanCalcTest.php" line="40" assertions="1" time="0.035274"/>
      <testcase name="testWind2m" class="PenmanCalcTest" classname="PenmanCalcTest" file="/Applications/MAMP/htdocs/evapo/Tests/PenmanCalcTest.php" line="55" assertions="4" time="0.020779"/>
      <testcase name="testDayOfYear" class="PenmanCalcTest" classname="PenmanCalcTest" file="/Applications/MAMP/htdocs/evapo/Tests/PenmanCalcTest.php" line="70" assertions="3" time="0.009486"/>
      <testsuite name="PenmanCalcTest::testDaylightHours" tests="7" assertions="7" errors="0" failures="0" skipped="0" time="0.048007">
        <testcase name="testDaylightHours with data set #0" class="PenmanCalcTest" classname="PenmanCalcTest" file="/Applications/MAMP/htdocs/evapo/Tests/PenmanCalcTest.php" line="86" assertions="1" time="0.007405"/>
        <testcase name="testDaylightHours with data set #1" class="PenmanCalcTest" classname="PenmanCalcTest" file="/Applications/MAMP/htdocs/evapo/Tests/PenmanCalcTest.php" line="86" assertions="1" time="0.006898"/>
        <testcase name="testDaylightHours with data set #2" class="PenmanCalcTest" classname="PenmanCalcTest" file="/Applications/MAMP/htdocs/evapo/Tests/PenmanCalcTest.php" line="86" assertions="1" time="0.004272"/>
        <testcase name="testDaylightHours with data set #3" class="PenmanCalcTest" classname="PenmanCalcTest" file="/Applications/MAMP/htdocs/evapo/Tests/PenmanCalcTest.php" line="86" assertions="1" time="0.009159"/>
        <testcase name="testDaylightHours with data set #4" class="PenmanCalcTest" classname="PenmanCalcTest" file="/Applications/MAMP/htdocs/evapo/Tests/PenmanCalcTest.php" line="86" assertions="1" time="0.008034"/>
        <testcase name="testDaylightHours with data set #5" class="PenmanCalcTest" classname="PenmanCalcTest" file="/Applications/MAMP/htdocs/evapo/Tests/PenmanCalcTest.php" line="86" assertions="1" time="0.005992"/>
        <testcase name="testDaylightHours with data set #6" class="PenmanCalcTest" classname="PenmanCalcTest" file="/Applications/MAMP/htdocs/evapo/Tests/PenmanCalcTest.php" line="86" assertions="1" time="0.006247"/>
      </testsuite>
      <testsuite name="PenmanCalcTest::testPsychometricConstant" tests="5" assertions="5" errors="0" failures="0" skipped="0" time="0.031312">
        <testcase name="testPsychometricConstant with data set #0" class="PenmanCalcTest" classname="PenmanCalcTest" file="/Applications/MAMP/htdocs/evapo/Tests/PenmanCalcTest.php" line="119" assertions="1" time="0.005967"/>
        <testcase name="testPsychometricConstant with data set #1" class="PenmanCalcTest" classname="PenmanCalcTest" file="/Applications/MAMP/htdocs/evapo/Tests/PenmanCalcTest.php" line="119" assertions="1" time="0.008202"/>
        <testcase name="testPsychometricConstant with data set #2" class="PenmanCalcTest" classname="PenmanCalcTest" file="/Applications/MAMP/htdocs/evapo/Tests/PenmanCalcTest.php" line="119" assertions="1" time="0.006396"/>
        <testcase name="testPsychometricConstant with data set #3" class="PenmanCalcTest" classname="PenmanCalcTest" file="/Applications/MAMP/htdocs/evapo/Tests/PenmanCalcTest.php" line="119" assertions="1" time="0.004966"/>
        <testcase name="testPsychometricConstant with data set #4" class="PenmanCalcTest" classname="PenmanCalcTest" file="/Applications/MAMP/htdocs/evapo/Tests/PenmanCalcTest.php" line="119" assertions="1" time="0.005782"/>
      </testsuite>
      <testcase name="testMeanSaturationVaporPression" class="PenmanCalcTest" classname="PenmanCalcTest" file="/Applications/MAMP/htdocs/evapo/Tests/PenmanCalcTest.php" line="137" assertions="1" time="0.003690"/>
      <testsuite name="PenmanCalcTest::testSaturationVaporPression" tests="5" assertions="5" errors="0" failures="0" skipped="0" time="0.030211">
        <testcase name="testSaturationVaporPression with data set #0" class="PenmanCalcTest" classname="PenmanCalcTest" file="/Applications/MAMP/htdocs/evapo/Tests/PenmanCalcTest.php" line="146" assertions="1" time="0.005951"/>
        <testcase name="testSaturationVaporPression with data set #1" class="PenmanCalcTest" classname="PenmanCalcTest" file="/Applications/MAMP/htdocs/evapo/Tests/PenmanCalcTest.php" line="146" assertions="1" time="0.003740"/>
        <testcase name="testSaturationVaporPression with data set #2" class="PenmanCalcTest" classname="PenmanCalcTest" file="/Applications/MAMP/htdocs/evapo/Tests/PenmanCalcTest.php" line="146" assertions="1" time="0.005656"/>
        <testcase name="testSaturationVaporPression with data set #3" class="PenmanCalcTest" classname="PenmanCalcTest" file="/Applications/MAMP/htdocs/evapo/Tests/PenmanCalcTest.php" line="146" assertions="1" time="0.006586"/>
        <testcase name="testSaturationVaporPression with data set #4" class="PenmanCalcTest" classname="PenmanCalcTest" file="/Applications/MAMP/htdocs/evapo/Tests/PenmanCalcTest.php" line="146" assertions="1" time="0.008278"/>
      </testsuite>
      <testsuite name="PenmanCalcTest::testSlopeOfSaturationVapourPressureCurve" tests="3" assertions="3" errors="0" failures="0" skipped="0" time="0.019388">
        <testcase name="testSlopeOfSaturationVapourPressureCurve with data set #0" class="PenmanCalcTest" classname="PenmanCalcTest" file="/Applications/MAMP/htdocs/evapo/Tests/PenmanCalcTest.php" line="169" assertions="1" time="0.006942"/>
        <testcase name="testSlopeOfSaturationVapourPressureCurve with data set #1" class="PenmanCalcTest" classname="PenmanCalcTest" file="/Applications/MAMP/htdocs/evapo/Tests/PenmanCalcTest.php" line="169" assertions="1" time="0.007075"/>
        <testcase name="testSlopeOfSaturationVapourPressureCurve with data set #2" class="PenmanCalcTest" classname="PenmanCalcTest" file="/Applications/MAMP/htdocs/evapo/Tests/PenmanCalcTest.php" line="169" assertions="1" time="0.005371"/>
      </testsuite>
    </testsuite>
    <testsuite name="RadiationCalcTest" file="/Applications/MAMP/htdocs/evapo/Tests/RadiationCalcTest.php" tests="4" assertions="4" errors="0" failures="0" skipped="0" time="0.041410">
      <testcase name="testSolarRadiation" class="RadiationCalcTest" classname="RadiationCalcTest" file="/Applications/MAMP/htdocs/evapo/Tests/RadiationCalcTest.php" line="45" assertions="1" time="0.015484"/>
      <testcase name="testSolarRadiationFromTempData" class="RadiationCalcTest" classname="RadiationCalcTest" file="/Applications/MAMP/htdocs/evapo/Tests/RadiationCalcTest.php" line="57" assertions="1" time="0.014072"/>
      <testcase name="testExtraterrestrialRadiation" class="RadiationCalcTest" classname="RadiationCalcTest" file="/Applications/MAMP/htdocs/evapo/Tests/RadiationCalcTest.php" line="74" assertions="1" time="0.005177"/>
      <testcase name="testNetLongwaveRadiation" class="RadiationCalcTest" classname="RadiationCalcTest" file="/Applications/MAMP/htdocs/evapo/Tests/RadiationCalcTest.php" line="87" assertions="1" time="0.006677"/>
    </testsuite>
  </testsuite>
</testsuites>
