<?xml version="1.0" encoding="UTF-8"?>
<coverage generated="1571309869">
  <project timestamp="1571309869">
    <package name="Evapotrans">
      <file name="/Users/phil/Workspace/evapotrans/src/Area.php">
        <class name="Evapotrans\Area" namespace="Evapotrans">
          <metrics complexity="14" methods="12" coveredmethods="0" conditionals="0" coveredconditionals="0" statements="41" coveredstatements="0" elements="53" coveredelements="0"/>
        </class>
        <line num="47" type="method" name="__construct" visibility="public" complexity="1" crap="2.00" count="0"/>
        <line num="48" type="stmt" count="0"/>
        <line num="49" type="stmt" count="0"/>
        <line num="50" type="stmt" count="0"/>
        <line num="55" type="method" name="getGrowStade" visibility="public" complexity="1" crap="2.00" count="0"/>
        <line num="56" type="stmt" count="0"/>
        <line num="57" type="stmt" count="0"/>
        <line num="58" type="stmt" count="0"/>
        <line num="63" type="method" name="setGrowStade" visibility="public" complexity="1" crap="2.00" count="0"/>
        <line num="64" type="stmt" count="0"/>
        <line num="65" type="stmt" count="0"/>
        <line num="66" type="stmt" count="0"/>
        <line num="71" type="method" name="getKc" visibility="public" complexity="3" crap="12.00" count="0"/>
        <line num="72" type="stmt" count="0"/>
        <line num="74" type="stmt" count="0"/>
        <line num="75" type="stmt" count="0"/>
        <line num="76" type="stmt" count="0"/>
        <line num="77" type="stmt" count="0"/>
        <line num="78" type="stmt" count="0"/>
        <line num="80" type="stmt" count="0"/>
        <line num="81" type="stmt" count="0"/>
        <line num="86" type="method" name="setKc" visibility="public" complexity="1" crap="2.00" count="0"/>
        <line num="87" type="stmt" count="0"/>
        <line num="88" type="stmt" count="0"/>
        <line num="89" type="stmt" count="0"/>
        <line num="94" type="method" name="getPlant" visibility="public" complexity="1" crap="2.00" count="0"/>
        <line num="95" type="stmt" count="0"/>
        <line num="96" type="stmt" count="0"/>
        <line num="97" type="stmt" count="0"/>
        <line num="99" type="method" name="getFractionWetted" visibility="public" complexity="1" crap="2.00" count="0"/>
        <line num="100" type="stmt" count="0"/>
        <line num="101" type="stmt" count="0"/>
        <line num="102" type="stmt" count="0"/>
        <line num="104" type="method" name="setFractionWetted" visibility="public" complexity="1" crap="2.00" count="0"/>
        <line num="105" type="stmt" count="0"/>
        <line num="106" type="stmt" count="0"/>
        <line num="107" type="stmt" count="0"/>
        <line num="112" type="method" name="getFrequenceEau" visibility="public" complexity="1" crap="2.00" count="0"/>
        <line num="113" type="stmt" count="0"/>
        <line num="114" type="stmt" count="0"/>
        <line num="115" type="stmt" count="0"/>
        <line num="120" type="method" name="setFrequenceEau" visibility="public" complexity="1" crap="2.00" count="0"/>
        <line num="121" type="stmt" count="0"/>
        <line num="122" type="stmt" count="0"/>
        <line num="123" type="stmt" count="0"/>
        <line num="130" type="method" name="getStressFactor" visibility="public" complexity="1" crap="2.00" count="0"/>
        <line num="131" type="stmt" count="0"/>
        <line num="132" type="stmt" count="0"/>
        <line num="133" type="stmt" count="0"/>
        <line num="138" type="method" name="setStressFactor" visibility="public" complexity="1" crap="2.00" count="0"/>
        <line num="139" type="stmt" count="0"/>
        <line num="140" type="stmt" count="0"/>
        <line num="141" type="stmt" count="0"/>
        <metrics loc="142" ncloc="80" classes="1" methods="12" coveredmethods="0" conditionals="0" coveredconditionals="0" statements="41" coveredstatements="0" elements="53" coveredelements="0"/>
      </file>
      <file name="/Users/phil/Workspace/evapotrans/src/CalcTrait.php">
        <class name="CalcTrait" namespace="Evapotrans">
          <metrics complexity="3" methods="3" coveredmethods="3" conditionals="0" coveredconditionals="0" statements="9" coveredstatements="9" elements="12" coveredelements="12"/>
        </class>
        <line num="19" type="method" name="sunsetHourAngle" visibility="private" complexity="1" crap="1" count="10"/>
        <line num="21" type="stmt" count="10"/>
        <line num="22" type="stmt" count="10"/>
        <line num="23" type="stmt" count="10"/>
        <line num="25" type="stmt" count="10"/>
        <line num="36" type="method" name="degres2radian" visibility="private" complexity="1" crap="1" count="10"/>
        <line num="38" type="stmt" count="10"/>
        <line num="39" type="stmt" count="10"/>
        <line num="41" type="stmt" count="10"/>
        <line num="49" type="method" name="solarDeclinaison" visibility="private" complexity="1" crap="1" count="10"/>
        <line num="52" type="stmt" count="10"/>
        <line num="54" type="stmt" count="10"/>
        <metrics loc="56" ncloc="29" classes="1" methods="3" coveredmethods="3" conditionals="0" coveredconditionals="0" statements="9" coveredstatements="9" elements="12" coveredelements="12"/>
      </file>
      <file name="/Users/phil/Workspace/evapotrans/src/CropEvapotrans.php">
        <class name="Evapotrans\CropEvapotrans" namespace="Evapotrans">
          <metrics complexity="8" methods="6" coveredmethods="0" conditionals="0" coveredconditionals="0" statements="37" coveredstatements="0" elements="43" coveredelements="0"/>
        </class>
        <line num="77" type="method" name="__construct" visibility="public" complexity="1" crap="2.00" count="0"/>
        <line num="78" type="stmt" count="0"/>
        <line num="79" type="stmt" count="0"/>
        <line num="80" type="stmt" count="0"/>
        <line num="81" type="stmt" count="0"/>
        <line num="82" type="stmt" count="0"/>
        <line num="88" type="method" name="calcETc" visibility="public" complexity="2" crap="6.00" count="0"/>
        <line num="89" type="stmt" count="0"/>
        <line num="90" type="stmt" count="0"/>
        <line num="91" type="stmt" count="0"/>
        <line num="92" type="stmt" count="0"/>
        <line num="93" type="stmt" count="0"/>
        <line num="95" type="stmt" count="0"/>
        <line num="96" type="stmt" count="0"/>
        <line num="102" type="method" name="strategyKc" visibility="private" complexity="2" crap="6.00" count="0"/>
        <line num="103" type="stmt" count="0"/>
        <line num="104" type="stmt" count="0"/>
        <line num="105" type="stmt" count="0"/>
        <line num="106" type="stmt" count="0"/>
        <line num="110" type="stmt" count="0"/>
        <line num="111" type="stmt" count="0"/>
        <line num="113" type="method" name="setKcb" visibility="public" complexity="1" crap="2.00" count="0"/>
        <line num="114" type="stmt" count="0"/>
        <line num="115" type="stmt" count="0"/>
        <line num="116" type="stmt" count="0"/>
        <line num="118" type="method" name="setKe" visibility="public" complexity="1" crap="2.00" count="0"/>
        <line num="119" type="stmt" count="0"/>
        <line num="120" type="stmt" count="0"/>
        <line num="121" type="stmt" count="0"/>
        <line num="125" type="method" name="degre_jour" visibility="public" complexity="1" crap="2.00" count="0"/>
        <line num="126" type="stmt" count="0"/>
        <line num="127" type="stmt" count="0"/>
        <line num="128" type="stmt" count="0"/>
        <line num="129" type="stmt" count="0"/>
        <line num="130" type="stmt" count="0"/>
        <line num="131" type="stmt" count="0"/>
        <line num="132" type="stmt" count="0"/>
        <line num="133" type="stmt" count="0"/>
        <line num="134" type="stmt" count="0"/>
        <line num="135" type="stmt" count="0"/>
        <line num="136" type="stmt" count="0"/>
        <line num="138" type="stmt" count="0"/>
        <line num="139" type="stmt" count="0"/>
        <metrics loc="140" ncloc="57" classes="1" methods="6" coveredmethods="0" conditionals="0" coveredconditionals="0" statements="37" coveredstatements="0" elements="43" coveredelements="0"/>
      </file>
      <file name="/Users/phil/Workspace/evapotrans/src/Exception.php">
        <class name="Evapotrans\Exception" namespace="Evapotrans">
          <metrics complexity="0" methods="0" coveredmethods="0" conditionals="0" coveredconditionals="0" statements="0" coveredstatements="0" elements="0" coveredelements="0"/>
        </class>
        <metrics loc="7" ncloc="7" classes="0" methods="0" coveredmethods="0" conditionals="0" coveredconditionals="0" statements="0" coveredstatements="0" elements="0" coveredelements="0"/>
      </file>
      <file name="/Users/phil/Workspace/evapotrans/src/ExtraRadiation.php">
        <class name="Evapotrans\ExtraRadiation" namespace="Evapotrans">
          <metrics complexity="3" methods="3" coveredmethods="3" conditionals="0" coveredconditionals="0" statements="11" coveredstatements="11" elements="14" coveredelements="14"/>
        </class>
        <line num="28" type="method" name="__construct" visibility="public" complexity="1" crap="1" count="29"/>
        <line num="30" type="stmt" count="29"/>
        <line num="31" type="stmt" count="29"/>
        <line num="32" type="stmt" count="29"/>
        <line num="39" type="method" name="extraterrestrialRadiationDailyPeriod" visibility="public" complexity="1" crap="1" count="3"/>
        <line num="41" type="stmt" count="3"/>
        <line num="42" type="stmt" count="3"/>
        <line num="43" type="stmt" count="3"/>
        <line num="44" type="stmt" count="3"/>
        <line num="46" type="stmt" count="3"/>
        <line num="48" type="stmt" count="3"/>
        <line num="57" type="method" name="inverseRelativeDistanceEarthSun" visibility="private" complexity="1" crap="1" count="3"/>
        <line num="60" type="stmt" count="3"/>
        <line num="62" type="stmt" count="3"/>
        <metrics loc="65" ncloc="36" classes="1" methods="3" coveredmethods="3" conditionals="0" coveredconditionals="0" statements="11" coveredstatements="11" elements="14" coveredelements="14"/>
      </file>
      <file name="/Users/phil/Workspace/evapotrans/src/Location.php">
        <class name="Evapotrans\Location" namespace="Evapotrans">
          <metrics complexity="11" methods="7" coveredmethods="6" conditionals="0" coveredconditionals="0" statements="14" coveredstatements="13" elements="21" coveredelements="19"/>
        </class>
        <line num="43" type="method" name="__construct" visibility="public" complexity="2" crap="2" count="30"/>
        <line num="48" type="stmt" count="30"/>
        <line num="49" type="stmt" count="30"/>
        <line num="50" type="stmt" count="30"/>
        <line num="51" type="stmt" count="27"/>
        <line num="53" type="stmt" count="30"/>
        <line num="58" type="method" name="getLatitudeRadian" visibility="public" complexity="1" crap="1" count="1"/>
        <line num="60" type="stmt" count="1"/>
        <line num="66" type="method" name="getLatitude" visibility="public" complexity="1" crap="1" count="30"/>
        <line num="68" type="stmt" count="30"/>
        <line num="74" type="method" name="getLongitude" visibility="public" complexity="1" crap="1" count="1"/>
        <line num="76" type="stmt" count="1"/>
        <line num="82" type="method" name="getAltitude" visibility="public" complexity="1" crap="1" count="7"/>
        <line num="84" type="stmt" count="7"/>
        <line num="90" type="method" name="getKRs" visibility="public" complexity="2" crap="2" count="2"/>
        <line num="92" type="stmt" count="2"/>
        <line num="100" type="method" name="setKRs" visibility="public" complexity="3" crap="3.14" count="2"/>
        <line num="102" type="stmt" count="2"/>
        <line num="103" type="stmt" count="2"/>
        <line num="105" type="stmt" count="2"/>
        <line num="107" type="stmt" count="0"/>
        <metrics loc="109" ncloc="59" classes="1" methods="7" coveredmethods="6" conditionals="0" coveredconditionals="0" statements="14" coveredstatements="13" elements="21" coveredelements="19"/>
      </file>
      <file name="/Users/phil/Workspace/evapotrans/src/MeteoData.php">
        <class name="Evapotrans\MeteoData" namespace="Evapotrans">
          <metrics complexity="53" methods="33" coveredmethods="9" conditionals="0" coveredconditionals="0" statements="70" coveredstatements="25" elements="103" coveredelements="34"/>
        </class>
        <line num="139" type="method" name="__construct" visibility="public" complexity="3" crap="3.21" count="29"/>
        <line num="141" type="stmt" count="29"/>
        <line num="143" type="stmt" count="29"/>
        <line num="144" type="stmt" count="0"/>
        <line num="145" type="stmt" count="29"/>
        <line num="146" type="stmt" count="29"/>
        <line num="148" type="stmt" count="0"/>
        <line num="150" type="stmt" count="29"/>
        <line num="155" type="method" name="getMaxDaylightHours" visibility="public" complexity="2" crap="2.03" count="7"/>
        <line num="157" type="stmt" count="7"/>
        <line num="158" type="stmt" count="0"/>
        <line num="161" type="stmt" count="7"/>
        <line num="162" type="stmt" count="7"/>
        <line num="163" type="stmt" count="7"/>
        <line num="175" type="method" name="calcDaylightHours" visibility="private" complexity="1" crap="1" count="7"/>
        <line num="179" type="stmt" count="7"/>
        <line num="180" type="stmt" count="7"/>
        <line num="182" type="stmt" count="7"/>
        <line num="191" type="method" name="getDaysOfYear" visibility="public" complexity="1" crap="1" count="29"/>
        <line num="193" type="stmt" count="29"/>
        <line num="199" type="method" name="getLocation" visibility="public" complexity="1" crap="1" count="29"/>
        <line num="201" type="stmt" count="29"/>
        <line num="207" type="method" name="getRHmean" visibility="public" complexity="2" crap="6.00" count="0"/>
        <line num="209" type="stmt" count="0"/>
        <line num="215" type="method" name="setRHmean" visibility="public" complexity="1" crap="2.00" count="0"/>
        <line num="217" type="stmt" count="0"/>
        <line num="218" type="stmt" count="0"/>
        <line num="223" type="method" name="getDate" visibility="public" complexity="1" crap="2.00" count="0"/>
        <line num="225" type="stmt" count="0"/>
        <line num="231" type="method" name="getTmax" visibility="public" complexity="2" crap="2" count="2"/>
        <line num="233" type="stmt" count="2"/>
        <line num="241" type="method" name="setTmax" visibility="public" complexity="1" crap="1" count="2"/>
        <line num="243" type="stmt" count="2"/>
        <line num="245" type="stmt" count="2"/>
        <line num="251" type="method" name="getTmean" visibility="public" complexity="5" crap="30.00" count="0"/>
        <line num="253" type="stmt" count="0"/>
        <line num="254" type="stmt" count="0"/>
        <line num="257" type="stmt" count="0"/>
        <line num="258" type="stmt" count="0"/>
        <line num="261" type="stmt" count="0"/>
        <line num="269" type="method" name="setTmean" visibility="public" complexity="1" crap="2.00" count="0"/>
        <line num="271" type="stmt" count="0"/>
        <line num="273" type="stmt" count="0"/>
        <line num="279" type="method" name="getTmin" visibility="public" complexity="2" crap="2" count="2"/>
        <line num="281" type="stmt" count="2"/>
        <line num="289" type="method" name="setTmin" visibility="public" complexity="1" crap="1" count="2"/>
        <line num="291" type="stmt" count="2"/>
        <line num="293" type="stmt" count="2"/>
        <line num="299" type="method" name="getActualSunnyHours" visibility="public" complexity="2" crap="2" count="2"/>
        <line num="301" type="stmt" count="2"/>
        <line num="309" type="method" name="setActualSunnyHours" visibility="public" complexity="1" crap="2.00" count="0"/>
        <line num="311" type="stmt" count="0"/>
        <line num="313" type="stmt" count="0"/>
        <line num="319" type="method" name="getPrecipitation" visibility="public" complexity="1" crap="2.00" count="0"/>
        <line num="321" type="stmt" count="0"/>
        <line num="329" type="method" name="setPrecipitation" visibility="public" complexity="1" crap="2.00" count="0"/>
        <line num="331" type="stmt" count="0"/>
        <line num="333" type="stmt" count="0"/>
        <line num="339" type="method" name="getWind2" visibility="public" complexity="2" crap="6.00" count="0"/>
        <line num="341" type="stmt" count="0"/>
        <line num="350" type="method" name="setWind2" visibility="public" complexity="1" crap="2.00" count="0"/>
        <line num="352" type="stmt" count="0"/>
        <line num="353" type="stmt" count="0"/>
        <line num="355" type="stmt" count="0"/>
        <line num="361" type="method" name="getWind2origin" visibility="public" complexity="1" crap="2.00" count="0"/>
        <line num="363" type="stmt" count="0"/>
        <line num="371" type="method" name="setWind2origin" visibility="public" complexity="1" crap="2.00" count="0"/>
        <line num="373" type="stmt" count="0"/>
        <line num="375" type="stmt" count="0"/>
        <line num="381" type="method" name="getTdew" visibility="public" complexity="2" crap="6.00" count="0"/>
        <line num="383" type="stmt" count="0"/>
        <line num="391" type="method" name="setTdew" visibility="public" complexity="1" crap="2.00" count="0"/>
        <line num="393" type="stmt" count="0"/>
        <line num="395" type="stmt" count="0"/>
        <line num="401" type="method" name="getRHmax" visibility="public" complexity="2" crap="6.00" count="0"/>
        <line num="403" type="stmt" count="0"/>
        <line num="413" type="method" name="setRHmax" visibility="public" complexity="2" crap="6.00" count="0"/>
        <line num="415" type="stmt" count="0"/>
        <line num="416" type="stmt" count="0"/>
        <line num="418" type="stmt" count="0"/>
        <line num="421" type="stmt" count="0"/>
        <line num="429" type="method" name="isValidRH" visibility="private" complexity="2" crap="6.00" count="0"/>
        <line num="431" type="stmt" count="0"/>
        <line num="437" type="method" name="getRHmin" visibility="public" complexity="2" crap="6.00" count="0"/>
        <line num="439" type="stmt" count="0"/>
        <line num="449" type="method" name="setRHmin" visibility="public" complexity="2" crap="6.00" count="0"/>
        <line num="451" type="stmt" count="0"/>
        <line num="452" type="stmt" count="0"/>
        <line num="454" type="stmt" count="0"/>
        <line num="457" type="stmt" count="0"/>
        <line num="463" type="method" name="getPression" visibility="public" complexity="2" crap="2.06" count="5"/>
        <line num="465" type="stmt" count="5"/>
        <line num="466" type="stmt" count="0"/>
        <line num="468" type="stmt" count="5"/>
        <line num="470" type="stmt" count="5"/>
        <line num="478" type="method" name="setPression" visibility="public" complexity="1" crap="2.00" count="0"/>
        <line num="480" type="stmt" count="0"/>
        <line num="482" type="stmt" count="0"/>
        <line num="494" type="method" name="atmosphericPressureByAltitude" visibility="private" complexity="2" crap="2" count="5"/>
        <line num="496" type="stmt" count="5"/>
        <line num="502" type="method" name="setMaxDaylightHours" visibility="private" complexity="1" crap="2.00" count="0"/>
        <line num="504" type="stmt" count="0"/>
        <line num="505" type="stmt" count="0"/>
        <metrics loc="506" ncloc="266" classes="1" methods="33" coveredmethods="9" conditionals="0" coveredconditionals="0" statements="70" coveredstatements="25" elements="103" coveredelements="34"/>
      </file>
      <file name="/Users/phil/Workspace/evapotrans/src/PenmanCalc.php">
        <class name="Evapotrans\PenmanCalc" namespace="Evapotrans">
          <metrics complexity="23" methods="12" coveredmethods="5" conditionals="0" coveredconditionals="0" statements="62" coveredstatements="15" elements="74" coveredelements="20"/>
        </class>
        <line num="38" type="method" name="__construct" visibility="public" complexity="1" crap="1" count="25"/>
        <line num="40" type="stmt" count="25"/>
        <line num="41" type="stmt" count="25"/>
        <line num="48" type="method" name="EToPenmanMonteith" visibility="public" complexity="1" crap="2.00" count="0"/>
        <line num="50" type="stmt" count="0"/>
        <line num="51" type="stmt" count="0"/>
        <line num="52" type="stmt" count="0"/>
        <line num="53" type="stmt" count="0"/>
        <line num="54" type="stmt" count="0"/>
        <line num="56" type="stmt" count="0"/>
        <line num="57" type="stmt" count="0"/>
        <line num="58" type="stmt" count="0"/>
        <line num="60" type="stmt" count="0"/>
        <line num="61" type="stmt" count="0"/>
        <line num="62" type="stmt" count="0"/>
        <line num="63" type="stmt" count="0"/>
        <line num="65" type="stmt" count="0"/>
        <line num="67" type="stmt" count="0"/>
        <line num="78" type="method" name="meanSaturationVapourPression" visibility="private" complexity="1" crap="1" count="1"/>
        <line num="82" type="stmt" count="1"/>
        <line num="83" type="stmt" count="1"/>
        <line num="85" type="stmt" count="1"/>
        <line num="95" type="method" name="saturationVapourPression" visibility="private" complexity="1" crap="1" count="6"/>
        <line num="97" type="stmt" count="6"/>
        <line num="99" type="stmt" count="6"/>
        <line num="108" type="method" name="actualVaporPressionStrategy" visibility="public" complexity="12" crap="102.68" count="1"/>
        <line num="111" type="stmt" count="1"/>
        <line num="112" type="stmt" count="1"/>
        <line num="114" type="stmt" count="1"/>
        <line num="117" type="stmt" count="0"/>
        <line num="118" type="stmt" count="0"/>
        <line num="122" type="stmt" count="0"/>
        <line num="123" type="stmt" count="0"/>
        <line num="124" type="stmt" count="0"/>
        <line num="125" type="stmt" count="0"/>
        <line num="127" type="stmt" count="0"/>
        <line num="128" type="stmt" count="0"/>
        <line num="129" type="stmt" count="0"/>
        <line num="130" type="stmt" count="0"/>
        <line num="131" type="stmt" count="0"/>
        <line num="135" type="stmt" count="0"/>
        <line num="136" type="stmt" count="0"/>
        <line num="137" type="stmt" count="0"/>
        <line num="141" type="stmt" count="0"/>
        <line num="142" type="stmt" count="0"/>
        <line num="143" type="stmt" count="0"/>
        <line num="146" type="stmt" count="0"/>
        <line num="149" type="method" name="vapourPressionFromTdew" visibility="private" complexity="1" crap="2.00" count="0"/>
        <line num="151" type="stmt" count="0"/>
        <line num="157" type="method" name="vapourPressionFromRHmax" visibility="private" complexity="1" crap="2.00" count="0"/>
        <line num="159" type="stmt" count="0"/>
        <line num="160" type="stmt" count="0"/>
        <line num="161" type="stmt" count="0"/>
        <line num="173" type="method" name="slopeOfSaturationVapourPressureCurve" visibility="private" complexity="1" crap="1" count="3"/>
        <line num="175" type="stmt" count="3"/>
        <line num="176" type="stmt" count="3"/>
        <line num="178" type="stmt" count="3"/>
        <line num="191" type="method" name="psychrometricConstant" visibility="private" complexity="1" crap="1" count="5"/>
        <line num="193" type="stmt" count="5"/>
        <line num="195" type="stmt" count="5"/>
        <line num="209" type="method" name="penmanMonteithFormula" visibility="private" complexity="1" crap="2.00" count="0"/>
        <line num="211" type="stmt" count="0"/>
        <line num="212" type="stmt" count="0"/>
        <line num="213" type="stmt" count="0"/>
        <line num="214" type="stmt" count="0"/>
        <line num="216" type="stmt" count="0"/>
        <line num="235" type="method" name="simplisticETo" visibility="public" complexity="1" crap="2.00" count="0"/>
        <line num="237" type="stmt" count="0"/>
        <line num="239" type="stmt" count="0"/>
        <line num="240" type="stmt" count="0"/>
        <line num="241" type="stmt" count="0"/>
        <line num="243" type="stmt" count="0"/>
        <line num="256" type="method" name="equivalentEvaporation" visibility="private" complexity="1" crap="2.00" count="0"/>
        <line num="258" type="stmt" count="0"/>
        <metrics loc="260" ncloc="136" classes="1" methods="12" coveredmethods="5" conditionals="0" coveredconditionals="0" statements="62" coveredstatements="15" elements="74" coveredelements="20"/>
      </file>
      <file name="/Users/phil/Workspace/evapotrans/src/RadiationCalc.php">
        <class name="Evapotrans\RadiationCalc" namespace="Evapotrans">
          <metrics complexity="20" methods="12" coveredmethods="10" conditionals="0" coveredconditionals="0" statements="59" coveredstatements="50" elements="71" coveredelements="60"/>
        </class>
        <line num="37" type="method" name="__construct" visibility="public" complexity="1" crap="1" count="5"/>
        <line num="39" type="stmt" count="5"/>
        <line num="40" type="stmt" count="5"/>
        <line num="41" type="stmt" count="5"/>
        <line num="42" type="stmt" count="5"/>
        <line num="50" type="method" name="netRadiationFromMeteodata" visibility="public" complexity="1" crap="1" count="1"/>
        <line num="56" type="stmt" count="1"/>
        <line num="57" type="stmt" count="1"/>
        <line num="58" type="stmt" count="1"/>
        <line num="62" type="stmt" count="1"/>
        <line num="63" type="stmt" count="1"/>
        <line num="64" type="stmt" count="1"/>
        <line num="65" type="stmt" count="1"/>
        <line num="66" type="stmt" count="1"/>
        <line num="70" type="stmt" count="1"/>
        <line num="71" type="stmt" count="1"/>
        <line num="72" type="stmt" count="1"/>
        <line num="73" type="stmt" count="1"/>
        <line num="74" type="stmt" count="1"/>
        <line num="79" type="stmt" count="1"/>
        <line num="85" type="method" name="extraterresRadiationFromMeteodata" visibility="private" complexity="1" crap="1" count="3"/>
        <line num="87" type="stmt" count="3"/>
        <line num="89" type="stmt" count="3"/>
        <line num="99" type="method" name="solarRadiationStrategyFromMeteodata" visibility="private" complexity="4" crap="5.40" count="2"/>
        <line num="101" type="stmt" count="2"/>
        <line num="102" type="stmt" count="2"/>
        <line num="105" type="stmt" count="2"/>
        <line num="106" type="stmt" count="0"/>
        <line num="107" type="stmt" count="0"/>
        <line num="108" type="stmt" count="0"/>
        <line num="110" type="stmt" count="0"/>
        <line num="111" type="stmt" count="0"/>
        <line num="112" type="stmt" count="0"/>
        <line num="119" type="stmt" count="0"/>
        <line num="124" type="stmt" count="2"/>
        <line num="125" type="stmt" count="2"/>
        <line num="126" type="stmt" count="2"/>
        <line num="127" type="stmt" count="2"/>
        <line num="128" type="stmt" count="2"/>
        <line num="129" type="stmt" count="2"/>
        <line num="133" type="stmt" count="2"/>
        <line num="136" type="stmt" count="0"/>
        <line num="158" type="method" name="solarRadiationFromDurationSunshineAndRa" visibility="private" complexity="3" crap="3" count="1"/>
        <line num="165" type="stmt" count="1"/>
        <line num="166" type="stmt" count="1"/>
        <line num="169" type="stmt" count="1"/>
        <line num="171" type="stmt" count="1"/>
        <line num="197" type="method" name="solarRadiationFromTemperatures" visibility="private" complexity="2" crap="2" count="2"/>
        <line num="203" type="stmt" count="2"/>
        <line num="205" type="stmt" count="2"/>
        <line num="221" type="method" name="clearSkySolarRadiation" visibility="private" complexity="3" crap="3.14" count="1"/>
        <line num="227" type="stmt" count="1"/>
        <line num="228" type="stmt" count="0"/>
        <line num="230" type="stmt" count="1"/>
        <line num="233" type="stmt" count="1"/>
        <line num="239" type="method" name="netSolarRadiation" visibility="private" complexity="1" crap="1" count="1"/>
        <line num="241" type="stmt" count="1"/>
        <line num="249" type="method" name="getAlbedo" visibility="public" complexity="1" crap="1" count="1"/>
        <line num="251" type="stmt" count="1"/>
        <line num="266" type="method" name="netLongwaveRadiation" visibility="private" complexity="1" crap="1" count="2"/>
        <line num="269" type="stmt" count="2"/>
        <line num="271" type="stmt" count="2"/>
        <line num="272" type="stmt" count="2"/>
        <line num="273" type="stmt" count="2"/>
        <line num="274" type="stmt" count="2"/>
        <line num="275" type="stmt" count="2"/>
        <line num="277" type="stmt" count="2"/>
        <line num="287" type="method" name="deg2Kelvin" visibility="private" complexity="1" crap="1" count="2"/>
        <line num="289" type="stmt" count="2"/>
        <line num="292" type="method" name="netRadiation" visibility="private" complexity="1" crap="1" count="1"/>
        <line num="294" type="stmt" count="1"/>
        <metrics loc="296" ncloc="142" classes="1" methods="12" coveredmethods="10" conditionals="0" coveredconditionals="0" statements="59" coveredstatements="50" elements="71" coveredelements="60"/>
      </file>
    </package>
    <package name="Evapotrans\Tests">
      <file name="/Users/phil/Workspace/evapotrans/src/Tests/LocationTest.php">
        <class name="Evapotrans\Tests\LocationTest" namespace="Evapotrans\Tests">
          <metrics complexity="2" methods="2" coveredmethods="1" conditionals="0" coveredconditionals="0" statements="10" coveredstatements="9" elements="12" coveredelements="10"/>
        </class>
        <line num="11" type="method" name="testCorrectSet" visibility="public" complexity="1" crap="1" count="1"/>
        <line num="13" type="stmt" count="1"/>
        <line num="14" type="stmt" count="1"/>
        <line num="16" type="stmt" count="1"/>
        <line num="17" type="stmt" count="1"/>
        <line num="18" type="stmt" count="1"/>
        <line num="19" type="stmt" count="1"/>
        <line num="20" type="stmt" count="1"/>
        <line num="22" type="method" name="testExceptionConstructor" visibility="public" complexity="1" crap="1.04" count="1"/>
        <line num="24" type="stmt" count="1"/>
        <line num="25" type="stmt" count="1"/>
        <line num="26" type="stmt" count="0"/>
        <metrics loc="28" ncloc="28" classes="1" methods="2" coveredmethods="1" conditionals="0" coveredconditionals="0" statements="10" coveredstatements="9" elements="12" coveredelements="10"/>
      </file>
      <file name="/Users/phil/Workspace/evapotrans/src/Tests/PenmanCalcTest.php">
        <class name="Evapotrans\Tests\PenmanCalcTest" namespace="Evapotrans\Tests">
          <metrics complexity="14" methods="14" coveredmethods="9" conditionals="0" coveredconditionals="0" statements="77" coveredstatements="72" elements="91" coveredelements="81"/>
        </class>
        <line num="26" type="method" name="setUp" visibility="public" complexity="1" crap="1" count="24"/>
        <line num="28" type="stmt" count="24"/>
        <line num="29" type="stmt" count="24"/>
        <line num="30" type="stmt" count="24"/>
        <line num="31" type="stmt" count="24"/>
        <line num="32" type="stmt" count="24"/>
        <line num="34" type="method" name="testCalcWind2meters" visibility="public" complexity="1" crap="1" count="1"/>
        <line num="36" type="stmt" count="1"/>
        <line num="37" type="stmt" count="1"/>
        <line num="38" type="stmt" count="1"/>
        <line num="39" type="stmt" count="1"/>
        <line num="40" type="stmt" count="1"/>
        <line num="42" type="stmt" count="1"/>
        <line num="43" type="stmt" count="1"/>
        <line num="55" type="method" name="invokeMethod" visibility="private" complexity="1" crap="1" count="15"/>
        <line num="60" type="stmt" count="15"/>
        <line num="61" type="stmt" count="15"/>
        <line num="62" type="stmt" count="15"/>
        <line num="64" type="stmt" count="15"/>
        <line num="71" type="method" name="testWind2m" visibility="public" complexity="1" crap="1.00" count="1"/>
        <line num="73" type="stmt" count="1"/>
        <line num="74" type="stmt" count="1"/>
        <line num="76" type="stmt" count="1"/>
        <line num="77" type="stmt" count="1"/>
        <line num="79" type="stmt" count="1"/>
        <line num="80" type="stmt" count="1"/>
        <line num="82" type="stmt" count="1"/>
        <line num="83" type="stmt" count="1"/>
        <line num="84" type="stmt" count="0"/>
        <line num="86" type="method" name="testDayOfYear" visibility="public" complexity="1" crap="1" count="1"/>
        <line num="88" type="stmt" count="1"/>
        <line num="90" type="stmt" count="1"/>
        <line num="91" type="stmt" count="1"/>
        <line num="92" type="stmt" count="1"/>
        <line num="93" type="stmt" count="1"/>
        <line num="94" type="stmt" count="1"/>
        <line num="96" type="stmt" count="1"/>
        <line num="97" type="stmt" count="1"/>
        <line num="98" type="stmt" count="1"/>
        <line num="99" type="stmt" count="1"/>
        <line num="100" type="stmt" count="1"/>
        <line num="103" type="stmt" count="1"/>
        <line num="104" type="stmt" count="1"/>
        <line num="105" type="stmt" count="1"/>
        <line num="106" type="stmt" count="1"/>
        <line num="107" type="stmt" count="1"/>
        <line num="109" type="stmt" count="1"/>
        <line num="123" type="method" name="testCalcDaylightHours" visibility="public" complexity="1" crap="1" count="7"/>
        <line num="125" type="stmt" count="7"/>
        <line num="126" type="stmt" count="7"/>
        <line num="127" type="stmt" count="7"/>
        <line num="128" type="stmt" count="7"/>
        <line num="136" type="method" name="daylightHoursProvider" visibility="public" complexity="1" crap="2.00" count="0"/>
        <line num="139" type="stmt" count="0"/>
        <line num="156" type="method" name="testPsychometricConstant" visibility="public" complexity="1" crap="1" count="5"/>
        <line num="158" type="stmt" count="5"/>
        <line num="159" type="stmt" count="5"/>
        <line num="160" type="stmt" count="5"/>
        <line num="161" type="stmt" count="5"/>
        <line num="162" type="stmt" count="5"/>
        <line num="163" type="stmt" count="5"/>
        <line num="164" type="stmt" count="5"/>
        <line num="165" type="stmt" count="5"/>
        <line num="168" type="stmt" count="5"/>
        <line num="170" type="method" name="psychometricConstantProvider" visibility="public" complexity="1" crap="2.00" count="0"/>
        <line num="173" type="stmt" count="0"/>
        <line num="181" type="method" name="testMeanSaturationVaporPression" visibility="public" complexity="1" crap="1" count="1"/>
        <line num="183" type="stmt" count="1"/>
        <line num="184" type="stmt" count="1"/>
        <line num="185" type="stmt" count="1"/>
        <line num="186" type="stmt" count="1"/>
        <line num="188" type="stmt" count="1"/>
        <line num="189" type="stmt" count="1"/>
        <line num="197" type="method" name="testSaturationVaporPression" visibility="public" complexity="1" crap="1" count="5"/>
        <line num="199" type="stmt" count="5"/>
        <line num="200" type="stmt" count="5"/>
        <line num="201" type="stmt" count="5"/>
        <line num="202" type="stmt" count="5"/>
        <line num="204" type="stmt" count="5"/>
        <line num="205" type="stmt" count="5"/>
        <line num="207" type="method" name="saturationVaporPressionProvider" visibility="public" complexity="1" crap="2.00" count="0"/>
        <line num="210" type="stmt" count="0"/>
        <line num="225" type="method" name="testSlopeOfSaturationVapourPressureCurve" visibility="public" complexity="1" crap="1" count="3"/>
        <line num="227" type="stmt" count="3"/>
        <line num="228" type="stmt" count="3"/>
        <line num="229" type="stmt" count="3"/>
        <line num="230" type="stmt" count="3"/>
        <line num="232" type="stmt" count="3"/>
        <line num="233" type="stmt" count="3"/>
        <line num="235" type="method" name="slopeOfSaturationVapourPressureCurveProvider" visibility="public" complexity="1" crap="2.00" count="0"/>
        <line num="238" type="stmt" count="0"/>
        <metrics loc="244" ncloc="182" classes="1" methods="14" coveredmethods="9" conditionals="0" coveredconditionals="0" statements="77" coveredstatements="72" elements="91" coveredelements="81"/>
      </file>
      <file name="/Users/phil/Workspace/evapotrans/src/Tests/RadiationCalcTest.php">
        <class name="Evapotrans\Tests\RadiationCalcTest" namespace="Evapotrans\Tests">
          <metrics complexity="7" methods="7" coveredmethods="7" conditionals="0" coveredconditionals="0" statements="51" coveredstatements="51" elements="58" coveredelements="58"/>
        </class>
        <line num="26" type="method" name="setUp" visibility="public" complexity="1" crap="1" count="5"/>
        <line num="28" type="stmt" count="5"/>
        <line num="29" type="stmt" count="5"/>
        <line num="31" type="stmt" count="5"/>
        <line num="32" type="stmt" count="5"/>
        <line num="33" type="stmt" count="5"/>
        <line num="45" type="method" name="testNetRadiationFromMeteodata" visibility="public" complexity="1" crap="1" count="1"/>
        <line num="47" type="stmt" count="1"/>
        <line num="48" type="stmt" count="1"/>
        <line num="50" type="stmt" count="1"/>
        <line num="51" type="stmt" count="1"/>
        <line num="52" type="stmt" count="1"/>
        <line num="53" type="stmt" count="1"/>
        <line num="55" type="stmt" count="1"/>
        <line num="57" type="stmt" count="1"/>
        <line num="58" type="stmt" count="1"/>
        <line num="60" type="method" name="testSolarRadiation" visibility="public" complexity="1" crap="1" count="1"/>
        <line num="63" type="stmt" count="1"/>
        <line num="64" type="stmt" count="1"/>
        <line num="65" type="stmt" count="1"/>
        <line num="66" type="stmt" count="1"/>
        <line num="68" type="stmt" count="1"/>
        <line num="69" type="stmt" count="1"/>
        <line num="81" type="method" name="invokeMethod" visibility="private" complexity="1" crap="1" count="4"/>
        <line num="86" type="stmt" count="4"/>
        <line num="87" type="stmt" count="4"/>
        <line num="88" type="stmt" count="4"/>
        <line num="90" type="stmt" count="4"/>
        <line num="99" type="method" name="testSolarRadiationFromTempData" visibility="public" complexity="1" crap="1" count="1"/>
        <line num="103" type="stmt" count="1"/>
        <line num="104" type="stmt" count="1"/>
        <line num="105" type="stmt" count="1"/>
        <line num="106" type="stmt" count="1"/>
        <line num="107" type="stmt" count="1"/>
        <line num="108" type="stmt" count="1"/>
        <line num="109" type="stmt" count="1"/>
        <line num="111" type="stmt" count="1"/>
        <line num="112" type="stmt" count="1"/>
        <line num="113" type="stmt" count="1"/>
        <line num="115" type="stmt" count="1"/>
        <line num="116" type="stmt" count="1"/>
        <line num="118" type="method" name="testExtraterrestrialRadiation" visibility="public" complexity="1" crap="1" count="1"/>
        <line num="120" type="stmt" count="1"/>
        <line num="121" type="stmt" count="1"/>
        <line num="123" type="stmt" count="1"/>
        <line num="124" type="stmt" count="1"/>
        <line num="125" type="stmt" count="1"/>
        <line num="126" type="stmt" count="1"/>
        <line num="127" type="stmt" count="1"/>
        <line num="129" type="stmt" count="1"/>
        <line num="130" type="stmt" count="1"/>
        <line num="135" type="method" name="testNetLongwaveRadiation" visibility="public" complexity="1" crap="1" count="1"/>
        <line num="137" type="stmt" count="1"/>
        <line num="138" type="stmt" count="1"/>
        <line num="139" type="stmt" count="1"/>
        <line num="141" type="stmt" count="1"/>
        <line num="148" type="stmt" count="1"/>
        <line num="149" type="stmt" count="1"/>
        <metrics loc="150" ncloc="107" classes="1" methods="7" coveredmethods="7" conditionals="0" coveredconditionals="0" statements="51" coveredstatements="51" elements="58" coveredelements="58"/>
      </file>
    </package>
    <package name="Evapotrans\ValueObjects">
      <file name="/Users/phil/Workspace/evapotrans/src/ValueObjects/AbstractMeasure.php">
        <class name="Evapotrans\ValueObjects\AbstractMeasure" namespace="Evapotrans\ValueObjects">
          <metrics complexity="5" methods="4" coveredmethods="2" conditionals="0" coveredconditionals="0" statements="9" coveredstatements="5" elements="13" coveredelements="7"/>
        </class>
        <line num="21" type="method" name="__construct" visibility="public" complexity="1" crap="1" count="2"/>
        <line num="23" type="stmt" count="2"/>
        <line num="24" type="stmt" count="2"/>
        <line num="25" type="stmt" count="2"/>
        <line num="26" type="stmt" count="2"/>
        <line num="31" type="method" name="getValue" visibility="public" complexity="1" crap="1" count="3"/>
        <line num="33" type="stmt" count="3"/>
        <line num="39" type="method" name="getUnit" visibility="public" complexity="1" crap="2.00" count="0"/>
        <line num="41" type="stmt" count="0"/>
        <line num="52" type="method" name="convertUnit" visibility="protected" complexity="2" crap="6.00" count="0"/>
        <line num="54" type="stmt" count="0"/>
        <line num="55" type="stmt" count="0"/>
        <line num="58" type="stmt" count="0"/>
        <metrics loc="60" ncloc="38" classes="1" methods="4" coveredmethods="2" conditionals="0" coveredconditionals="0" statements="9" coveredstatements="5" elements="13" coveredelements="7"/>
      </file>
      <file name="/Users/phil/Workspace/evapotrans/src/ValueObjects/Energy.php">
        <class name="Evapotrans\ValueObjects\Energy" namespace="Evapotrans\ValueObjects">
          <metrics complexity="2" methods="2" coveredmethods="0" conditionals="0" coveredconditionals="0" statements="9" coveredstatements="0" elements="11" coveredelements="0"/>
        </class>
        <line num="25" type="method" name="equivalentEvaporation" visibility="public" complexity="1" crap="2.00" count="0"/>
        <line num="26" type="stmt" count="0"/>
        <line num="27" type="stmt" count="0"/>
        <line num="28" type="stmt" count="0"/>
        <line num="29" type="stmt" count="0"/>
        <line num="30" type="stmt" count="0"/>
        <line num="31" type="stmt" count="0"/>
        <line num="37" type="method" name="convertWm2" visibility="public" complexity="1" crap="2.00" count="0"/>
        <line num="38" type="stmt" count="0"/>
        <line num="39" type="stmt" count="0"/>
        <line num="40" type="stmt" count="0"/>
        <metrics loc="41" ncloc="22" classes="1" methods="2" coveredmethods="0" conditionals="0" coveredconditionals="0" statements="9" coveredstatements="0" elements="11" coveredelements="0"/>
      </file>
      <file name="/Users/phil/Workspace/evapotrans/src/ValueObjects/Humidity.php">
        <class name="Evapotrans\ValueObjects\Humidity" namespace="Evapotrans\ValueObjects">
          <metrics complexity="4" methods="1" coveredmethods="0" conditionals="0" coveredconditionals="0" statements="6" coveredstatements="0" elements="7" coveredelements="0"/>
        </class>
        <line num="12" type="method" name="convertUnit" visibility="protected" complexity="4" crap="20.00" count="0"/>
        <line num="13" type="stmt" count="0"/>
        <line num="14" type="stmt" count="0"/>
        <line num="15" type="stmt" count="0"/>
        <line num="16" type="stmt" count="0"/>
        <line num="18" type="stmt" count="0"/>
        <line num="19" type="stmt" count="0"/>
        <metrics loc="20" ncloc="18" classes="1" methods="1" coveredmethods="0" conditionals="0" coveredconditionals="0" statements="6" coveredstatements="0" elements="7" coveredelements="0"/>
      </file>
      <file name="/Users/phil/Workspace/evapotrans/src/ValueObjects/Plant.php">
        <class name="Evapotrans\ValueObjects\Plant" namespace="Evapotrans\ValueObjects">
          <metrics complexity="3" methods="3" coveredmethods="0" conditionals="0" coveredconditionals="0" statements="10" coveredstatements="0" elements="13" coveredelements="0"/>
        </class>
        <line num="23" type="method" name="__construct" visibility="public" complexity="1" crap="2.00" count="0"/>
        <line num="24" type="stmt" count="0"/>
        <line num="25" type="stmt" count="0"/>
        <line num="26" type="stmt" count="0"/>
        <line num="27" type="stmt" count="0"/>
        <line num="32" type="method" name="getKcStade" visibility="public" complexity="1" crap="2.00" count="0"/>
        <line num="33" type="stmt" count="0"/>
        <line num="34" type="stmt" count="0"/>
        <line num="35" type="stmt" count="0"/>
        <line num="40" type="method" name="getPlantName" visibility="public" complexity="1" crap="2.00" count="0"/>
        <line num="41" type="stmt" count="0"/>
        <line num="42" type="stmt" count="0"/>
        <line num="43" type="stmt" count="0"/>
        <metrics loc="44" ncloc="24" classes="1" methods="3" coveredmethods="0" conditionals="0" coveredconditionals="0" statements="10" coveredstatements="0" elements="13" coveredelements="0"/>
      </file>
      <file name="/Users/phil/Workspace/evapotrans/src/ValueObjects/Pression.php">
        <class name="Evapotrans\ValueObjects\Pression" namespace="Evapotrans\ValueObjects">
          <metrics complexity="0" methods="0" coveredmethods="0" conditionals="0" coveredconditionals="0" statements="0" coveredstatements="0" elements="0" coveredelements="0"/>
        </class>
        <metrics loc="8" ncloc="8" classes="0" methods="0" coveredmethods="0" conditionals="0" coveredconditionals="0" statements="0" coveredstatements="0" elements="0" coveredelements="0"/>
      </file>
      <file name="/Users/phil/Workspace/evapotrans/src/ValueObjects/Temperature.php">
        <class name="Evapotrans\ValueObjects\Temperature" namespace="Evapotrans\ValueObjects">
          <metrics complexity="4" methods="1" coveredmethods="0" conditionals="0" coveredconditionals="0" statements="5" coveredstatements="2" elements="6" coveredelements="2"/>
        </class>
        <line num="11" type="method" name="convertUnit" visibility="protected" complexity="4" crap="7.46" count="2"/>
        <line num="13" type="stmt" count="2"/>
        <line num="14" type="stmt" count="2"/>
        <line num="16" type="stmt" count="0"/>
        <line num="17" type="stmt" count="0"/>
        <line num="20" type="stmt" count="0"/>
        <metrics loc="22" ncloc="22" classes="1" methods="1" coveredmethods="0" conditionals="0" coveredconditionals="0" statements="5" coveredstatements="2" elements="6" coveredelements="2"/>
      </file>
      <file name="/Users/phil/Workspace/evapotrans/src/ValueObjects/Wind2m.php">
        <class name="Evapotrans\ValueObjects\Wind2m" namespace="Evapotrans\ValueObjects">
          <metrics complexity="8" methods="3" coveredmethods="3" conditionals="0" coveredconditionals="0" statements="11" coveredstatements="11" elements="14" coveredelements="14"/>
        </class>
        <line num="21" type="method" name="__construct" visibility="public" complexity="3" crap="3" count="2"/>
        <line num="26" type="stmt" count="2"/>
        <line num="27" type="stmt" count="2"/>
        <line num="28" type="stmt" count="2"/>
        <line num="37" type="method" name="convertSpeedToMS" visibility="private" complexity="3" crap="3" count="2"/>
        <line num="39" type="stmt" count="2"/>
        <line num="40" type="stmt" count="2"/>
        <line num="42" type="stmt" count="1"/>
        <line num="43" type="stmt" count="1"/>
        <line num="46" type="stmt" count="1"/>
        <line num="60" type="method" name="calcWind2meters" visibility="private" complexity="2" crap="2" count="2"/>
        <line num="62" type="stmt" count="2"/>
        <line num="63" type="stmt" count="2"/>
        <line num="66" type="stmt" count="2"/>
        <metrics loc="68" ncloc="38" classes="1" methods="3" coveredmethods="3" conditionals="0" coveredconditionals="0" statements="11" coveredstatements="11" elements="14" coveredelements="14"/>
      </file>
    </package>
    <metrics files="19" loc="2266" ncloc="1299" classes="17" methods="125" coveredmethods="58" conditionals="0" coveredconditionals="0" statements="491" coveredstatements="273" elements="616" coveredelements="331"/>
  </project>
</coverage>
